<?xml version="1.0" encoding="UTF-8"?>
<!-- Generated by org.testng.reporters.JUnitReportReporter -->
<testsuite hostname="KARTHIK" name="com.sample1pack.Appops" tests="1" failures="0" timestamp="15 Aug 2019 06:03:27 GMT" time="7.304" errors="0">
  <testcase name="getcall" time="7.304" classname="com.sample1pack.Appops"/>
</testsuite> <!-- com.sample1pack.Appops -->
