<?xml version="1.0" encoding="UTF-8"?>
<!-- Generated by org.testng.reporters.JUnitReportReporter -->
<testsuite hostname="KARTHIK" name="com.utility.Appmethods" tests="1" failures="0" timestamp="15 Aug 2019 06:07:24 GMT" time="9.263" errors="0">
  <testcase name="getcall" time="9.263" classname="com.utility.Appmethods"/>
</testsuite> <!-- com.utility.Appmethods -->
