<?xml version="1.0" encoding="UTF-8"?>
<!-- Generated by org.testng.reporters.JUnitReportReporter -->
<testsuite hostname="KARTHIK" name="com.utility.Reader11" tests="1" failures="0" timestamp="15 Aug 2019 17:07:20 GMT" time="0.019" errors="0">
  <testcase name="readprop" time="0.019" classname="com.utility.Reader11"/>
</testsuite> <!-- com.utility.Reader11 -->
